<?xml version="1.0" encoding="UTF-8"?>
<!-- Generated by org.testng.reporters.JUnitReportReporter -->
<testsuite hostname="U2-DPE-CPB-0027" name="com.latime.app.functional.tests.LATimesAndroidAppFunctionalTests" tests="1" failures="0" timestamp="25 Apr 2016 11:27:51 GMT" time="20.877" errors="0">
  <testcase name="test" time="20.877" classname="com.latime.app.functional.tests.LATimesAndroidAppFunctionalTests"/>
</testsuite> <!-- com.latime.app.functional.tests.LATimesAndroidAppFunctionalTests -->
