<?xml version="1.0" encoding="UTF-8"?>
<!-- Generated by org.testng.reporters.JUnitReportReporter -->
<testsuite hostname="U2-DPE-CPB-0027" name="com.latime.app.functional.tests.LATimesAndroidAppFunctionalTests_Tests" tests="1" failures="0" timestamp="22 Apr 2016 12:35:29 GMT" time="57.798" errors="0">
  <testcase name="verifySaveFunctionalityOnArticlesPage" time="57.798" classname="com.latime.app.functional.tests.LATimesAndroidAppFunctionalTests_Tests"/>
</testsuite> <!-- com.latime.app.functional.tests.LATimesAndroidAppFunctionalTests_Tests -->
